------------------------------------------------------------
/usr/bin/pip run on Fri Jun  2 16:58:11 2017
Downloading/unpacking pygemnts
  Getting page https://pypi.python.org/simple/pygemnts/
  Could not fetch URL https://pypi.python.org/simple/pygemnts/: 404 Client Error: Not Found
  Will skip URL https://pypi.python.org/simple/pygemnts/ when looking for download links for pygemnts
  Getting page https://pypi.python.org/simple/
  URLs to search for versions for pygemnts:
  * https://pypi.python.org/simple/pygemnts/
  Getting page https://pypi.python.org/simple/pygemnts/
  Could not fetch URL https://pypi.python.org/simple/pygemnts/: 404 Client Error: Not Found
  Will skip URL https://pypi.python.org/simple/pygemnts/ when looking for download links for pygemnts
  Could not find any downloads that satisfy the requirement pygemnts
Cleaning up...
  Removing temporary dir /tmp/pip_build_root...
No distributions at all found for pygemnts
Exception information:
Traceback (most recent call last):
  File "/usr/lib/python2.7/dist-packages/pip/basecommand.py", line 122, in main
    status = self.run(options, args)
  File "/usr/lib/python2.7/dist-packages/pip/commands/install.py", line 278, in run
    requirement_set.prepare_files(finder, force_root_egg_info=self.bundle, bundle=self.bundle)
  File "/usr/lib/python2.7/dist-packages/pip/req.py", line 1178, in prepare_files
    url = finder.find_requirement(req_to_install, upgrade=self.upgrade)
  File "/usr/lib/python2.7/dist-packages/pip/index.py", line 277, in find_requirement
    raise DistributionNotFound('No distributions at all found for %s' % req)
DistributionNotFound: No distributions at all found for pygemnts
